<?xml version="1.0" encoding="UTF-8"?>
<!-- Generated by org.testng.reporters.JUnitXMLReporter -->
<testsuite hostname="ASTRA-Larry" name="Default test" tests="16" failures="0" timestamp="16 Dec 2015 04:31:24 GMT" time="0.334" errors="0">
  <testcase name="changePassword" time="0.029" classname="com.javahris.springmvc.controller.AppControllerTest"/>
  <testcase name="deleteEmployee" time="0.003" classname="com.javahris.springmvc.controller.AppControllerTest"/>
  <testcase name="editEmployee" time="0.001" classname="com.javahris.springmvc.controller.AppControllerTest"/>
  <testcase name="employeeInfoDiffUser" time="0.002" classname="com.javahris.springmvc.controller.AppControllerTest"/>
  <testcase name="employeeInfoSameUser" time="0.001" classname="com.javahris.springmvc.controller.AppControllerTest"/>
  <testcase name="employeeProfile" time="0.008" classname="com.javahris.springmvc.controller.AppControllerTest"/>
  <testcase name="listEmployees" time="0.005" classname="com.javahris.springmvc.controller.AppControllerTest"/>
  <testcase name="newEmployee" time="0.0" classname="com.javahris.springmvc.controller.AppControllerTest"/>
  <testcase name="saveEmployeeWithSuccess" time="0.002" classname="com.javahris.springmvc.controller.AppControllerTest"/>
  <testcase name="saveEmployeeWithValidationError" time="0.001" classname="com.javahris.springmvc.controller.AppControllerTest"/>
  <testcase name="saveEmployeeWithValidationErrorNonUniqueEmail" time="0.002" classname="com.javahris.springmvc.controller.AppControllerTest"/>
  <testcase name="savePasswordCorrectOldPass" time="0.002" classname="com.javahris.springmvc.controller.AppControllerTest"/>
  <testcase name="savePasswordWrongOldPass" time="0.001" classname="com.javahris.springmvc.controller.AppControllerTest"/>
  <testcase name="updateEmployeeWithSuccess" time="0.001" classname="com.javahris.springmvc.controller.AppControllerTest"/>
  <testcase name="updateEmployeeWithValidationError" time="0.001" classname="com.javahris.springmvc.controller.AppControllerTest"/>
  <testcase name="updateEmployeeWithValidationErrorNonUniqueSSN" time="0.001" classname="com.javahris.springmvc.controller.AppControllerTest"/>
</testsuite> <!-- Default test -->
